app/build/intermediates/manifest_merge_blame_file/release/processReleaseMainManifest/manifest-merger-blame-release-report.txt
1<?xml version="1.0" encoding="utf-8"?>
2<manifest xmlns:android="http://schemas.android.com/apk/res/android"
3    package="com.prody.prashant"
4    android:versionCode="1"
5    android:versionName="1.0.0" >
6
7    <uses-sdk
8        android:minSdkVersion="24"
9        android:targetSdkVersion="35" />
10
11    <uses-permission android:name="android.permission.POST_NOTIFICATIONS" />
11-->src\main\AndroidManifest.xml:5:5-77
11-->src\main\AndroidManifest.xml:5:22-74
12    <uses-permission android:name="android.permission.RECEIVE_BOOT_COMPLETED" />
12-->src\main\AndroidManifest.xml:6:5-81
12-->src\main\AndroidManifest.xml:6:22-78
13    <uses-permission android:name="android.permission.SCHEDULE_EXACT_ALARM" />
13-->src\main\AndroidManifest.xml:7:5-79
13-->src\main\AndroidManifest.xml:7:22-76
14    <uses-permission android:name="android.permission.USE_EXACT_ALARM" />
14-->src\main\AndroidManifest.xml:8:5-74
14-->src\main\AndroidManifest.xml:8:22-71
15    <uses-permission android:name="android.permission.VIBRATE" />
15-->src\main\AndroidManifest.xml:9:5-66
15-->src\main\AndroidManifest.xml:9:22-63
16    <uses-permission android:name="android.permission.WAKE_LOCK" />
16-->src\main\AndroidManifest.xml:10:5-68
16-->src\main\AndroidManifest.xml:10:22-65
17    <uses-permission android:name="android.permission.ACCESS_NETWORK_STATE" />
17-->[androidx.work:work-runtime:2.10.0] AndroidManifest.xml:24:5-79
17-->[androidx.work:work-runtime:2.10.0] AndroidManifest.xml:24:22-76
18    <uses-permission android:name="android.permission.FOREGROUND_SERVICE" />
18-->[androidx.work:work-runtime:2.10.0] AndroidManifest.xml:26:5-77
18-->[androidx.work:work-runtime:2.10.0] AndroidManifest.xml:26:22-74
19
20    <permission
20-->[androidx.core:core:1.15.0] AndroidManifest.xml:22:5-24:47
21        android:name="com.prody.prashant.DYNAMIC_RECEIVER_NOT_EXPORTED_PERMISSION"
21-->[androidx.core:core:1.15.0] AndroidManifest.xml:23:9-81
22        android:protectionLevel="signature" />
22-->[androidx.core:core:1.15.0] AndroidManifest.xml:24:9-44
23
24    <uses-permission android:name="com.prody.prashant.DYNAMIC_RECEIVER_NOT_EXPORTED_PERMISSION" />
24-->[androidx.core:core:1.15.0] AndroidManifest.xml:26:5-97
24-->[androidx.core:core:1.15.0] AndroidManifest.xml:26:22-94
25
26    <application
26-->src\main\AndroidManifest.xml:12:5-62:19
27        android:name="com.prody.prashant.ProdyApplication"
27-->src\main\AndroidManifest.xml:13:9-41
28        android:allowBackup="true"
28-->src\main\AndroidManifest.xml:14:9-35
29        android:appComponentFactory="androidx.core.app.CoreComponentFactory"
29-->[androidx.core:core:1.15.0] AndroidManifest.xml:28:18-86
30        android:dataExtractionRules="@xml/data_extraction_rules"
30-->src\main\AndroidManifest.xml:15:9-65
31        android:extractNativeLibs="false"
32        android:fullBackupContent="@xml/backup_rules"
32-->src\main\AndroidManifest.xml:16:9-54
33        android:icon="@mipmap/ic_launcher"
33-->src\main\AndroidManifest.xml:17:9-43
34        android:label="@string/app_name"
34-->src\main\AndroidManifest.xml:18:9-41
35        android:roundIcon="@mipmap/ic_launcher_round"
35-->src\main\AndroidManifest.xml:19:9-54
36        android:supportsRtl="true"
36-->src\main\AndroidManifest.xml:20:9-35
37        android:theme="@style/Theme.Prody" >
37-->src\main\AndroidManifest.xml:21:9-43
38        <activity
38-->src\main\AndroidManifest.xml:24:9-33:20
39            android:name="com.prody.prashant.MainActivity"
39-->src\main\AndroidManifest.xml:25:13-41
40            android:exported="true"
40-->src\main\AndroidManifest.xml:26:13-36
41            android:theme="@style/Theme.Prody.Splash"
41-->src\main\AndroidManifest.xml:27:13-54
42            android:windowSoftInputMode="adjustResize" >
42-->src\main\AndroidManifest.xml:28:13-55
43            <intent-filter>
43-->src\main\AndroidManifest.xml:29:13-32:29
44                <action android:name="android.intent.action.MAIN" />
44-->src\main\AndroidManifest.xml:30:17-69
44-->src\main\AndroidManifest.xml:30:25-66
45
46                <category android:name="android.intent.category.LAUNCHER" />
46-->src\main\AndroidManifest.xml:31:17-77
46-->src\main\AndroidManifest.xml:31:27-74
47            </intent-filter>
48        </activity>
49
50        <receiver
50-->src\main\AndroidManifest.xml:35:9-37:40
51            android:name="com.prody.prashant.notification.NotificationReceiver"
51-->src\main\AndroidManifest.xml:36:13-62
52            android:exported="false" />
52-->src\main\AndroidManifest.xml:37:13-37
53        <receiver
53-->src\main\AndroidManifest.xml:39:9-45:20
54            android:name="com.prody.prashant.notification.BootReceiver"
54-->src\main\AndroidManifest.xml:40:13-54
55            android:exported="false" >
55-->src\main\AndroidManifest.xml:41:13-37
56            <intent-filter>
56-->src\main\AndroidManifest.xml:42:13-44:29
57                <action android:name="android.intent.action.BOOT_COMPLETED" />
57-->src\main\AndroidManifest.xml:43:17-79
57-->src\main\AndroidManifest.xml:43:25-76
58            </intent-filter>
59        </receiver>
60
61        <service
61-->src\main\AndroidManifest.xml:47:9-50:34
62            android:name="androidx.work.impl.foreground.SystemForegroundService"
62-->src\main\AndroidManifest.xml:48:13-81
63            android:directBootAware="false"
63-->[androidx.work:work-runtime:2.10.0] AndroidManifest.xml:55:13-44
64            android:enabled="@bool/enable_system_foreground_service_default"
64-->[androidx.work:work-runtime:2.10.0] AndroidManifest.xml:56:13-77
65            android:exported="false"
65-->[androidx.work:work-runtime:2.10.0] AndroidManifest.xml:57:13-37
66            android:foregroundServiceType="dataSync" />
66-->src\main\AndroidManifest.xml:49:13-53
67
68        <provider
69            android:name="androidx.core.content.FileProvider"
69-->src\main\AndroidManifest.xml:53:13-62
70            android:authorities="com.prody.prashant.fileprovider"
70-->src\main\AndroidManifest.xml:54:13-64
71            android:exported="false"
71-->src\main\AndroidManifest.xml:55:13-37
72            android:grantUriPermissions="true" >
72-->src\main\AndroidManifest.xml:56:13-47
73            <meta-data
73-->src\main\AndroidManifest.xml:57:13-59:54
74                android:name="android.support.FILE_PROVIDER_PATHS"
74-->src\main\AndroidManifest.xml:58:17-67
75                android:resource="@xml/file_paths" />
75-->src\main\AndroidManifest.xml:59:17-51
76        </provider>
77        <provider
77-->[androidx.work:work-runtime:2.10.0] AndroidManifest.xml:29:9-37:20
78            android:name="androidx.startup.InitializationProvider"
78-->[androidx.work:work-runtime:2.10.0] AndroidManifest.xml:30:13-67
79            android:authorities="com.prody.prashant.androidx-startup"
79-->[androidx.work:work-runtime:2.10.0] AndroidManifest.xml:31:13-68
80            android:exported="false" >
80-->[androidx.work:work-runtime:2.10.0] AndroidManifest.xml:32:13-37
81            <meta-data
81-->[androidx.work:work-runtime:2.10.0] AndroidManifest.xml:34:13-36:52
82                android:name="androidx.work.WorkManagerInitializer"
82-->[androidx.work:work-runtime:2.10.0] AndroidManifest.xml:35:17-68
83                android:value="androidx.startup" />
83-->[androidx.work:work-runtime:2.10.0] AndroidManifest.xml:36:17-49
84            <meta-data
84-->[androidx.emoji2:emoji2:1.3.0] AndroidManifest.xml:29:13-31:52
85                android:name="androidx.emoji2.text.EmojiCompatInitializer"
85-->[androidx.emoji2:emoji2:1.3.0] AndroidManifest.xml:30:17-75
86                android:value="androidx.startup" />
86-->[androidx.emoji2:emoji2:1.3.0] AndroidManifest.xml:31:17-49
87            <meta-data
87-->[androidx.lifecycle:lifecycle-process:2.8.7] AndroidManifest.xml:29:13-31:52
88                android:name="androidx.lifecycle.ProcessLifecycleInitializer"
88-->[androidx.lifecycle:lifecycle-process:2.8.7] AndroidManifest.xml:30:17-78
89                android:value="androidx.startup" />
89-->[androidx.lifecycle:lifecycle-process:2.8.7] AndroidManifest.xml:31:17-49
90            <meta-data
90-->[androidx.profileinstaller:profileinstaller:1.3.1] AndroidManifest.xml:29:13-31:52
91                android:name="androidx.profileinstaller.ProfileInstallerInitializer"
91-->[androidx.profileinstaller:profileinstaller:1.3.1] AndroidManifest.xml:30:17-85
92                android:value="androidx.startup" />
92-->[androidx.profileinstaller:profileinstaller:1.3.1] AndroidManifest.xml:31:17-49
93        </provider>
94
95        <service
95-->[androidx.work:work-runtime:2.10.0] AndroidManifest.xml:39:9-45:35
96            android:name="androidx.work.impl.background.systemalarm.SystemAlarmService"
96-->[androidx.work:work-runtime:2.10.0] AndroidManifest.xml:40:13-88
97            android:directBootAware="false"
97-->[androidx.work:work-runtime:2.10.0] AndroidManifest.xml:41:13-44
98            android:enabled="@bool/enable_system_alarm_service_default"
98-->[androidx.work:work-runtime:2.10.0] AndroidManifest.xml:42:13-72
99            android:exported="false" />
99-->[androidx.work:work-runtime:2.10.0] AndroidManifest.xml:43:13-37
100        <service
100-->[androidx.work:work-runtime:2.10.0] AndroidManifest.xml:46:9-52:35
101            android:name="androidx.work.impl.background.systemjob.SystemJobService"
101-->[androidx.work:work-runtime:2.10.0] AndroidManifest.xml:47:13-84
102            android:directBootAware="false"
102-->[androidx.work:work-runtime:2.10.0] AndroidManifest.xml:48:13-44
103            android:enabled="@bool/enable_system_job_service_default"
103-->[androidx.work:work-runtime:2.10.0] AndroidManifest.xml:49:13-70
104            android:exported="true"
104-->[androidx.work:work-runtime:2.10.0] AndroidManifest.xml:50:13-36
105            android:permission="android.permission.BIND_JOB_SERVICE" />
105-->[androidx.work:work-runtime:2.10.0] AndroidManifest.xml:51:13-69
106
107        <receiver
107-->[androidx.work:work-runtime:2.10.0] AndroidManifest.xml:61:9-66:35
108            android:name="androidx.work.impl.utils.ForceStopRunnable$BroadcastReceiver"
108-->[androidx.work:work-runtime:2.10.0] AndroidManifest.xml:62:13-88
109            android:directBootAware="false"
109-->[androidx.work:work-runtime:2.10.0] AndroidManifest.xml:63:13-44
110            android:enabled="true"
110-->[androidx.work:work-runtime:2.10.0] AndroidManifest.xml:64:13-35
111            android:exported="false" />
111-->[androidx.work:work-runtime:2.10.0] AndroidManifest.xml:65:13-37
112        <receiver
112-->[androidx.work:work-runtime:2.10.0] AndroidManifest.xml:67:9-77:20
113            android:name="androidx.work.impl.background.systemalarm.ConstraintProxy$BatteryChargingProxy"
113-->[androidx.work:work-runtime:2.10.0] AndroidManifest.xml:68:13-106
114            android:directBootAware="false"
114-->[androidx.work:work-runtime:2.10.0] AndroidManifest.xml:69:13-44
115            android:enabled="false"
115-->[androidx.work:work-runtime:2.10.0] AndroidManifest.xml:70:13-36
116            android:exported="false" >
116-->[androidx.work:work-runtime:2.10.0] AndroidManifest.xml:71:13-37
117            <intent-filter>
117-->[androidx.work:work-runtime:2.10.0] AndroidManifest.xml:73:13-76:29
118                <action android:name="android.intent.action.ACTION_POWER_CONNECTED" />
118-->[androidx.work:work-runtime:2.10.0] AndroidManifest.xml:74:17-87
118-->[androidx.work:work-runtime:2.10.0] AndroidManifest.xml:74:25-84
119                <action android:name="android.intent.action.ACTION_POWER_DISCONNECTED" />
119-->[androidx.work:work-runtime:2.10.0] AndroidManifest.xml:75:17-90
119-->[androidx.work:work-runtime:2.10.0] AndroidManifest.xml:75:25-87
120            </intent-filter>
121        </receiver>
122        <receiver
122-->[androidx.work:work-runtime:2.10.0] AndroidManifest.xml:78:9-88:20
123            android:name="androidx.work.impl.background.systemalarm.ConstraintProxy$BatteryNotLowProxy"
123-->[androidx.work:work-runtime:2.10.0] AndroidManifest.xml:79:13-104
124            android:directBootAware="false"
124-->[androidx.work:work-runtime:2.10.0] AndroidManifest.xml:80:13-44
125            android:enabled="false"
125-->[androidx.work:work-runtime:2.10.0] AndroidManifest.xml:81:13-36
126            android:exported="false" >
126-->[androidx.work:work-runtime:2.10.0] AndroidManifest.xml:82:13-37
127            <intent-filter>
127-->[androidx.work:work-runtime:2.10.0] AndroidManifest.xml:84:13-87:29
128                <action android:name="android.intent.action.BATTERY_OKAY" />
128-->[androidx.work:work-runtime:2.10.0] AndroidManifest.xml:85:17-77
128-->[androidx.work:work-runtime:2.10.0] AndroidManifest.xml:85:25-74
129                <action android:name="android.intent.action.BATTERY_LOW" />
129-->[androidx.work:work-runtime:2.10.0] AndroidManifest.xml:86:17-76
129-->[androidx.work:work-runtime:2.10.0] AndroidManifest.xml:86:25-73
130            </intent-filter>
131        </receiver>
132        <receiver
132-->[androidx.work:work-runtime:2.10.0] AndroidManifest.xml:89:9-99:20
133            android:name="androidx.work.impl.background.systemalarm.ConstraintProxy$StorageNotLowProxy"
133-->[androidx.work:work-runtime:2.10.0] AndroidManifest.xml:90:13-104
134            android:directBootAware="false"
134-->[androidx.work:work-runtime:2.10.0] AndroidManifest.xml:91:13-44
135            android:enabled="false"
135-->[androidx.work:work-runtime:2.10.0] AndroidManifest.xml:92:13-36
136            android:exported="false" >
136-->[androidx.work:work-runtime:2.10.0] AndroidManifest.xml:93:13-37
137            <intent-filter>
137-->[androidx.work:work-runtime:2.10.0] AndroidManifest.xml:95:13-98:29
138                <action android:name="android.intent.action.DEVICE_STORAGE_LOW" />
138-->[androidx.work:work-runtime:2.10.0] AndroidManifest.xml:96:17-83
138-->[androidx.work:work-runtime:2.10.0] AndroidManifest.xml:96:25-80
139                <action android:name="android.intent.action.DEVICE_STORAGE_OK" />
139-->[androidx.work:work-runtime:2.10.0] AndroidManifest.xml:97:17-82
139-->[androidx.work:work-runtime:2.10.0] AndroidManifest.xml:97:25-79
140            </intent-filter>
141        </receiver>
142        <receiver
142-->[androidx.work:work-runtime:2.10.0] AndroidManifest.xml:100:9-109:20
143            android:name="androidx.work.impl.background.systemalarm.ConstraintProxy$NetworkStateProxy"
143-->[androidx.work:work-runtime:2.10.0] AndroidManifest.xml:101:13-103
144            android:directBootAware="false"
144-->[androidx.work:work-runtime:2.10.0] AndroidManifest.xml:102:13-44
145            android:enabled="false"
145-->[androidx.work:work-runtime:2.10.0] AndroidManifest.xml:103:13-36
146            android:exported="false" >
146-->[androidx.work:work-runtime:2.10.0] AndroidManifest.xml:104:13-37
147            <intent-filter>
147-->[androidx.work:work-runtime:2.10.0] AndroidManifest.xml:106:13-108:29
148                <action android:name="android.net.conn.CONNECTIVITY_CHANGE" />
148-->[androidx.work:work-runtime:2.10.0] AndroidManifest.xml:107:17-79
148-->[androidx.work:work-runtime:2.10.0] AndroidManifest.xml:107:25-76
149            </intent-filter>
150        </receiver>
151        <receiver
151-->[androidx.work:work-runtime:2.10.0] AndroidManifest.xml:110:9-121:20
152            android:name="androidx.work.impl.background.systemalarm.RescheduleReceiver"
152-->[androidx.work:work-runtime:2.10.0] AndroidManifest.xml:111:13-88
153            android:directBootAware="false"
153-->[androidx.work:work-runtime:2.10.0] AndroidManifest.xml:112:13-44
154            android:enabled="false"
154-->[androidx.work:work-runtime:2.10.0] AndroidManifest.xml:113:13-36
155            android:exported="false" >
155-->[androidx.work:work-runtime:2.10.0] AndroidManifest.xml:114:13-37
156            <intent-filter>
156-->[androidx.work:work-runtime:2.10.0] AndroidManifest.xml:116:13-120:29
157                <action android:name="android.intent.action.BOOT_COMPLETED" />
157-->src\main\AndroidManifest.xml:43:17-79
157-->src\main\AndroidManifest.xml:43:25-76
158                <action android:name="android.intent.action.TIME_SET" />
158-->[androidx.work:work-runtime:2.10.0] AndroidManifest.xml:118:17-73
158-->[androidx.work:work-runtime:2.10.0] AndroidManifest.xml:118:25-70
159                <action android:name="android.intent.action.TIMEZONE_CHANGED" />
159-->[androidx.work:work-runtime:2.10.0] AndroidManifest.xml:119:17-81
159-->[androidx.work:work-runtime:2.10.0] AndroidManifest.xml:119:25-78
160            </intent-filter>
161        </receiver>
162        <receiver
162-->[androidx.work:work-runtime:2.10.0] AndroidManifest.xml:122:9-131:20
163            android:name="androidx.work.impl.background.systemalarm.ConstraintProxyUpdateReceiver"
163-->[androidx.work:work-runtime:2.10.0] AndroidManifest.xml:123:13-99
164            android:directBootAware="false"
164-->[androidx.work:work-runtime:2.10.0] AndroidManifest.xml:124:13-44
165            android:enabled="@bool/enable_system_alarm_service_default"
165-->[androidx.work:work-runtime:2.10.0] AndroidManifest.xml:125:13-72
166            android:exported="false" >
166-->[androidx.work:work-runtime:2.10.0] AndroidManifest.xml:126:13-37
167            <intent-filter>
167-->[androidx.work:work-runtime:2.10.0] AndroidManifest.xml:128:13-130:29
168                <action android:name="androidx.work.impl.background.systemalarm.UpdateProxies" />
168-->[androidx.work:work-runtime:2.10.0] AndroidManifest.xml:129:17-98
168-->[androidx.work:work-runtime:2.10.0] AndroidManifest.xml:129:25-95
169            </intent-filter>
170        </receiver>
171        <receiver
171-->[androidx.work:work-runtime:2.10.0] AndroidManifest.xml:132:9-142:20
172            android:name="androidx.work.impl.diagnostics.DiagnosticsReceiver"
172-->[androidx.work:work-runtime:2.10.0] AndroidManifest.xml:133:13-78
173            android:directBootAware="false"
173-->[androidx.work:work-runtime:2.10.0] AndroidManifest.xml:134:13-44
174            android:enabled="true"
174-->[androidx.work:work-runtime:2.10.0] AndroidManifest.xml:135:13-35
175            android:exported="true"
175-->[androidx.work:work-runtime:2.10.0] AndroidManifest.xml:136:13-36
176            android:permission="android.permission.DUMP" >
176-->[androidx.work:work-runtime:2.10.0] AndroidManifest.xml:137:13-57
177            <intent-filter>
177-->[androidx.work:work-runtime:2.10.0] AndroidManifest.xml:139:13-141:29
178                <action android:name="androidx.work.diagnostics.REQUEST_DIAGNOSTICS" />
178-->[androidx.work:work-runtime:2.10.0] AndroidManifest.xml:140:17-88
178-->[androidx.work:work-runtime:2.10.0] AndroidManifest.xml:140:25-85
179            </intent-filter>
180        </receiver>
181
182        <service
182-->[androidx.room:room-runtime:2.6.1] AndroidManifest.xml:24:9-28:63
183            android:name="androidx.room.MultiInstanceInvalidationService"
183-->[androidx.room:room-runtime:2.6.1] AndroidManifest.xml:25:13-74
184            android:directBootAware="true"
184-->[androidx.room:room-runtime:2.6.1] AndroidManifest.xml:26:13-43
185            android:exported="false" />
185-->[androidx.room:room-runtime:2.6.1] AndroidManifest.xml:27:13-37
186
187        <receiver
187-->[androidx.profileinstaller:profileinstaller:1.3.1] AndroidManifest.xml:34:9-52:20
188            android:name="androidx.profileinstaller.ProfileInstallReceiver"
188-->[androidx.profileinstaller:profileinstaller:1.3.1] AndroidManifest.xml:35:13-76
189            android:directBootAware="false"
189-->[androidx.profileinstaller:profileinstaller:1.3.1] AndroidManifest.xml:36:13-44
190            android:enabled="true"
190-->[androidx.profileinstaller:profileinstaller:1.3.1] AndroidManifest.xml:37:13-35
191            android:exported="true"
191-->[androidx.profileinstaller:profileinstaller:1.3.1] AndroidManifest.xml:38:13-36
192            android:permission="android.permission.DUMP" >
192-->[androidx.profileinstaller:profileinstaller:1.3.1] AndroidManifest.xml:39:13-57
193            <intent-filter>
193-->[androidx.profileinstaller:profileinstaller:1.3.1] AndroidManifest.xml:40:13-42:29
194                <action android:name="androidx.profileinstaller.action.INSTALL_PROFILE" />
194-->[androidx.profileinstaller:profileinstaller:1.3.1] AndroidManifest.xml:41:17-91
194-->[androidx.profileinstaller:profileinstaller:1.3.1] AndroidManifest.xml:41:25-88
195            </intent-filter>
196            <intent-filter>
196-->[androidx.profileinstaller:profileinstaller:1.3.1] AndroidManifest.xml:43:13-45:29
197                <action android:name="androidx.profileinstaller.action.SKIP_FILE" />
197-->[androidx.profileinstaller:profileinstaller:1.3.1] AndroidManifest.xml:44:17-85
197-->[androidx.profileinstaller:profileinstaller:1.3.1] AndroidManifest.xml:44:25-82
198            </intent-filter>
199            <intent-filter>
199-->[androidx.profileinstaller:profileinstaller:1.3.1] AndroidManifest.xml:46:13-48:29
200                <action android:name="androidx.profileinstaller.action.SAVE_PROFILE" />
200-->[androidx.profileinstaller:profileinstaller:1.3.1] AndroidManifest.xml:47:17-88
200-->[androidx.profileinstaller:profileinstaller:1.3.1] AndroidManifest.xml:47:25-85
201            </intent-filter>
202            <intent-filter>
202-->[androidx.profileinstaller:profileinstaller:1.3.1] AndroidManifest.xml:49:13-51:29
203                <action android:name="androidx.profileinstaller.action.BENCHMARK_OPERATION" />
203-->[androidx.profileinstaller:profileinstaller:1.3.1] AndroidManifest.xml:50:17-95
203-->[androidx.profileinstaller:profileinstaller:1.3.1] AndroidManifest.xml:50:25-92
204            </intent-filter>
205        </receiver>
206    </application>
207
208</manifest>